[37m[17:28:54][0m [33mhandle_state_changed[0m [36mDEBUG[0m [31mStarted playing[0m
[37m[17:28:54][0m [33mhandle_state_changed[0m [36mDEBUG[0m [31mFinished playing[0m
[37m[17:36:14][0m [33mhandle_state_changed[0m [36mDEBUG[0m [31mStarted playing[0m
[37m[17:36:14][0m [33mhandle_state_changed[0m [36mDEBUG[0m [31mFinished playing[0m
[37m[17:36:29][0m [33mhandle_state_changed[0m [36mDEBUG[0m [31mStarted playing[0m
[37m[17:36:29][0m [33mhandle_state_changed[0m [36mDEBUG[0m [31mFinished playing[0m
[37m[17:37:08][0m [33mhandle_state_changed[0m [36mDEBUG[0m [31mStarted playing[0m
[37m[17:37:08][0m [33mhandle_state_changed[0m [36mDEBUG[0m [31mFinished playing[0m
[37m[17:37:33][0m [33m__init__[0m [36mINFO[0m [32m['__add__', '__class__', '__contains__', '__delattr__', '__dir__', '__doc__', '__eq__', '__format__', '__ge__', '__getattribute__', '__getitem__', '__getnewargs__', '__gt__', '__hash__', '__init__', '__init_subclass__', '__iter__', '__le__', '__len__', '__lt__', '__mod__', '__mul__', '__ne__', '__new__', '__reduce__', '__reduce_ex__', '__repr__', '__rmod__', '__rmul__', '__setattr__', '__sizeof__', '__str__', '__subclasshook__', 'capitalize', 'casefold', 'center', 'count', 'encode', 'endswith', 'expandtabs', 'find', 'format', 'format_map', 'index', 'isalnum', 'isalpha', 'isascii', 'isdecimal', 'isdigit', 'isidentifier', 'islower', 'isnumeric', 'isprintable', 'isspace', 'istitle', 'isupper', 'join', 'ljust', 'lower', 'lstrip', 'maketrans', 'partition', 'removeprefix', 'removesuffix', 'replace', 'rfind', 'rindex', 'rjust', 'rpartition', 'rsplit', 'rstrip', 'split', 'splitlines', 'startswith', 'strip', 'swapcase', 'title', 'translate', 'upper', 'zfill'][0m
[37m[17:37:33][0m [33mhandle_state_changed[0m [36mDEBUG[0m [31mStarted playing[0m
[37m[17:37:33][0m [33mhandle_state_changed[0m [36mDEBUG[0m [31mFinished playing[0m
[37m[17:38:16][0m [33m__init__[0m [36mINFO[0m [32m['breaking-bad-cant-keep-getting-away-with-it.mp3'][0m
[37m[17:38:16][0m [33mhandle_state_changed[0m [36mDEBUG[0m [31mStarted playing[0m
[37m[17:38:16][0m [33mhandle_state_changed[0m [36mDEBUG[0m [31mFinished playing[0m
[37m[17:38:43][0m [33m__init__[0m [36mINFO[0m [32m['cant_keep_getting_away.mp3'][0m
[37m[17:38:43][0m [33mhandle_state_changed[0m [36mDEBUG[0m [31mStarted playing[0m
[37m[17:38:57][0m [33m__init__[0m [36mINFO[0m [32m['cant_keep_getting_away.mp3'][0m
[37m[17:38:57][0m [33mhandle_state_changed[0m [36mDEBUG[0m [31mStarted playing[0m
[37m[17:38:57][0m [33mhandle_state_changed[0m [36mDEBUG[0m [31mFinished playing[0m
[37m[17:39:18][0m [33m__init__[0m [36mINFO[0m [32m['cant_keep_getting_away.mp3'][0m
[37m[17:39:18][0m [33mhandle_state_changed[0m [36mDEBUG[0m [31mStarted playing[0m
[37m[17:39:30][0m [33mhandle_state_changed[0m [36mDEBUG[0m [31mFinished playing[0m
[37m[12:57:06][0m [33m__init__[0m [36mINFO[0m [32m['cant_keep_getting_away.mp3'][0m
[37m[12:57:06][0m [33mhandle_state_changed[0m [36mDEBUG[0m [31mStarted playing[0m
[37m[12:57:17][0m [33mhandle_state_changed[0m [36mDEBUG[0m [31mFinished playing[0m
